# JRE version: Java(TM) SE Runtime Environment (8.0_181-b13) (build 1.8.0_181-b13)
# Java VM: Java HotSpot(TM) 64-Bit Server VM (25.181-b13 mixed mode windows-amd64 compressed oops)
Heap:
 PSYoungGen      total 310272K, used 61270K [0x00000000eab00000, 0x0000000100000000, 0x0000000100000000)
  eden space 273408K, 19% used [0x00000000eab00000,0x00000000ede769f0,0x00000000fb600000)
  from space 36864K, 23% used [0x00000000fb600000,0x00000000fbe5f0f0,0x00000000fda00000)
  to   space 34304K, 0% used [0x00000000fde80000,0x00000000fde80000,0x0000000100000000)
 ParOldGen       total 699392K, used 149522K [0x00000000c0000000, 0x00000000eab00000, 0x00000000eab00000)
  object space 699392K, 21% used [0x00000000c0000000,0x00000000c9204aa0,0x00000000eab00000)
 Metaspace       used 136119K, capacity 159248K, committed 159448K, reserved 1185792K
  class space    used 17111K, capacity 22684K, committed 22744K, reserved 1048576K
GC Heap History (10 events):
Event: 10997.340 GC heap before
{Heap before GC invocations=55 (full 4):
 PSYoungGen      total 303104K, used 259952K [0x00000000eab00000, 0x0000000100000000, 0x0000000100000000)
  eden space 254464K, 100% used [0x00000000eab00000,0x00000000fa380000,0x00000000fa380000)
  from space 48640K, 11% used [0x00000000fd080000,0x00000000fd5dc030,0x0000000100000000)
  to   space 46080K, 0% used [0x00000000fa380000,0x00000000fa380000,0x00000000fd080000)
 ParOldGen       total 699392K, used 149242K [0x00000000c0000000, 0x00000000eab00000, 0x00000000eab00000)
  object space 699392K, 21% used [0x00000000c0000000,0x00000000c91bea70,0x00000000eab00000)
 Metaspace       used 134427K, capacity 156510K, committed 156760K, reserved 1183744K
  class space    used 16868K, capacity 22233K, committed 22360K, reserved 1048576K
Event: 10997.353 GC heap after
Heap after GC invocations=55 (full 4):
 PSYoungGen      total 300544K, used 5376K [0x00000000eab00000, 0x0000000100000000, 0x0000000100000000)
  eden space 254464K, 0% used [0x00000000eab00000,0x00000000eab00000,0x00000000fa380000)
  from space 46080K, 11% used [0x00000000fa380000,0x00000000fa8c0020,0x00000000fd080000)
  to   space 44032K, 0% used [0x00000000fd500000,0x00000000fd500000,0x0000000100000000)
 ParOldGen       total 699392K, used 149330K [0x00000000c0000000, 0x00000000eab00000, 0x00000000eab00000)
  object space 699392K, 21% used [0x00000000c0000000,0x00000000c91d4aa0,0x00000000eab00000)
 Metaspace       used 134427K, capacity 156510K, committed 156760K, reserved 1183744K
  class space    used 16868K, capacity 22233K, committed 22360K, reserved 1048576K
}
Event: 11159.834 GC heap before
{Heap before GC invocations=56 (full 4):
 PSYoungGen      total 300544K, used 259840K [0x00000000eab00000, 0x0000000100000000, 0x0000000100000000)
  eden space 254464K, 100% used [0x00000000eab00000,0x00000000fa380000,0x00000000fa380000)
  from space 46080K, 11% used [0x00000000fa380000,0x00000000fa8c0020,0x00000000fd080000)
  to   space 44032K, 0% used [0x00000000fd500000,0x00000000fd500000,0x0000000100000000)
 ParOldGen       total 699392K, used 149330K [0x00000000c0000000, 0x00000000eab00000, 0x00000000eab00000)
  object space 699392K, 21% used [0x00000000c0000000,0x00000000c91d4aa0,0x00000000eab00000)
 Metaspace       used 134494K, capacity 156528K, committed 156760K, reserved 1183744K
  class space    used 16870K, capacity 22236K, committed 22360K, reserved 1048576K
Event: 11159.864 GC heap after
Heap after GC invocations=56 (full 4):
 PSYoungGen      total 307200K, used 2172K [0x00000000eab00000, 0x0000000100000000, 0x0000000100000000)
  eden space 263168K, 0% used [0x00000000eab00000,0x00000000eab00000,0x00000000fac00000)
  from space 44032K, 4% used [0x00000000fd500000,0x00000000fd71f138,0x0000000100000000)
  to   space 41984K, 0% used [0x00000000fac00000,0x00000000fac00000,0x00000000fd500000)
 ParOldGen       total 699392K, used 149402K [0x00000000c0000000, 0x00000000eab00000, 0x00000000eab00000)
  object space 699392K, 21% used [0x00000000c0000000,0x00000000c91e6aa0,0x00000000eab00000)
 Metaspace       used 134494K, capacity 156528K, committed 156760K, reserved 1183744K
  class space    used 16870K, capacity 22236K, committed 22360K, reserved 1048576K
}
Event: 11216.052 GC heap before
{Heap before GC invocations=57 (full 4):
 PSYoungGen      total 307200K, used 265340K [0x00000000eab00000, 0x0000000100000000, 0x0000000100000000)
  eden space 263168K, 100% used [0x00000000eab00000,0x00000000fac00000,0x00000000fac00000)
  from space 44032K, 4% used [0x00000000fd500000,0x00000000fd71f138,0x0000000100000000)
  to   space 41984K, 0% used [0x00000000fac00000,0x00000000fac00000,0x00000000fd500000)
 ParOldGen       total 699392K, used 149402K [0x00000000c0000000, 0x00000000eab00000, 0x00000000eab00000)
  object space 699392K, 21% used [0x00000000c0000000,0x00000000c91e6aa0,0x00000000eab00000)
 Metaspace       used 135196K, capacity 157738K, committed 157912K, reserved 1185792K
  class space    used 16976K, capacity 22427K, committed 22488K, reserved 1048576K
Event: 11216.068 GC heap after
Heap after GC invocations=57 (full 4):
 PSYoungGen      total 305152K, used 10308K [0x00000000eab00000, 0x0000000100000000, 0x0000000100000000)
  eden space 263168K, 0% used [0x00000000eab00000,0x00000000eab00000,0x00000000fac00000)
  from space 41984K, 24% used [0x00000000fac00000,0x00000000fb6110e0,0x00000000fd500000)
  to   space 38912K, 0% used [0x00000000fda00000,0x00000000fda00000,0x0000000100000000)
 ParOldGen       total 699392K, used 149514K [0x00000000c0000000, 0x00000000eab00000, 0x00000000eab00000)
  object space 699392K, 21% used [0x00000000c0000000,0x00000000c9202aa0,0x00000000eab00000)
 Metaspace       used 135196K, capacity 157738K, committed 157912K, reserved 1185792K
  class space    used 16976K, capacity 22427K, committed 22488K, reserved 1048576K
}
Event: 11317.777 GC heap before
{Heap before GC invocations=58 (full 4):
 PSYoungGen      total 305152K, used 273476K [0x00000000eab00000, 0x0000000100000000, 0x0000000100000000)
  eden space 263168K, 100% used [0x00000000eab00000,0x00000000fac00000,0x00000000fac00000)
  from space 41984K, 24% used [0x00000000fac00000,0x00000000fb6110e0,0x00000000fd500000)
  to   space 38912K, 0% used [0x00000000fda00000,0x00000000fda00000,0x0000000100000000)
 ParOldGen       total 699392K, used 149514K [0x00000000c0000000, 0x00000000eab00000, 0x00000000eab00000)
  object space 699392K, 21% used [0x00000000c0000000,0x00000000c9202aa0,0x00000000eab00000)
 Metaspace       used 135250K, capacity 157808K, committed 157912K, reserved 1185792K
  class space    used 16976K, capacity 22428K, committed 22488K, reserved 1048576K
Event: 11317.789 GC heap after
Heap after GC invocations=58 (full 4):
 PSYoungGen      total 312320K, used 7004K [0x00000000eab00000, 0x0000000100000000, 0x0000000100000000)
  eden space 273408K, 0% used [0x00000000eab00000,0x00000000eab00000,0x00000000fb600000)
  from space 38912K, 18% used [0x00000000fda00000,0x00000000fe0d7138,0x0000000100000000)
  to   space 36864K, 0% used [0x00000000fb600000,0x00000000fb600000,0x00000000fda00000)
 ParOldGen       total 699392K, used 149522K [0x00000000c0000000, 0x00000000eab00000, 0x00000000eab00000)
  object space 699392K, 21% used [0x00000000c0000000,0x00000000c9204aa0,0x00000000eab00000)
 Metaspace       used 135250K, capacity 157808K, committed 157912K, reserved 1185792K
  class space    used 16976K, capacity 22428K, committed 22488K, reserved 1048576K
}
Event: 11463.153 GC heap before
{Heap before GC invocations=59 (full 4):
 PSYoungGen      total 312320K, used 280412K [0x00000000eab00000, 0x0000000100000000, 0x0000000100000000)
  eden space 273408K, 100% used [0x00000000eab00000,0x00000000fb600000,0x00000000fb600000)
  from space 38912K, 18% used [0x00000000fda00000,0x00000000fe0d7138,0x0000000100000000)
  to   space 36864K, 0% used [0x00000000fb600000,0x00000000fb600000,0x00000000fda00000)
 ParOldGen       total 699392K, used 149522K [0x00000000c0000000, 0x00000000eab00000, 0x00000000eab00000)
  object space 699392K, 21% used [0x00000000c0000000,0x00000000c9204aa0,0x00000000eab00000)
 Metaspace       used 135724K, capacity 158832K, committed 159064K, reserved 1185792K
  class space    used 17065K, capacity 22588K, committed 22616K, reserved 1048576K
Event: 11463.172 GC heap after
Heap after GC invocations=59 (full 4):
 PSYoungGen      total 310272K, used 8572K [0x00000000eab00000, 0x0000000100000000, 0x0000000100000000)
  eden space 273408K, 0% used [0x00000000eab00000,0x00000000eab00000,0x00000000fb600000)
  from space 36864K, 23% used [0x00000000fb600000,0x00000000fbe5f0f0,0x00000000fda00000)
  to   space 34304K, 0% used [0x00000000fde80000,0x00000000fde80000,0x0000000100000000)
 ParOldGen       total 699392K, used 149522K [0x00000000c0000000, 0x00000000eab00000, 0x00000000eab00000)
  object space 699392K, 21% used [0x00000000c0000000,0x00000000c9204aa0,0x00000000eab00000)
 Metaspace       used 135724K, capacity 158832K, committed 159064K, reserved 1185792K
  class space    used 17065K, capacity 22588K, committed 22616K, reserved 1048576K
}

