# JRE version: Java(TM) SE Runtime Environment (8.0_131-b11) (build 1.8.0_131-b11)
# Java VM: Java HotSpot(TM) 64-Bit Server VM (25.131-b11 mixed mode windows-amd64 compressed oops)
Heap:
 PSYoungGen      total 275456K, used 89592K [0x00000000eab00000, 0x0000000100000000, 0x0000000100000000)
  eden space 204800K, 34% used [0x00000000eab00000,0x00000000ef02d600,0x00000000f7300000)
  from space 70656K, 26% used [0x00000000f7300000,0x00000000f8550c08,0x00000000fb800000)
  to   space 69120K, 0% used [0x00000000fbc80000,0x00000000fbc80000,0x0000000100000000)
 ParOldGen       total 699392K, used 148836K [0x00000000c0000000, 0x00000000eab00000, 0x00000000eab00000)
  object space 699392K, 21% used [0x00000000c0000000,0x00000000c91591e0,0x00000000eab00000)
 Metaspace       used 125069K, capacity 134874K, committed 143872K, reserved 1173504K
  class space    used 15615K, capacity 18546K, committed 20736K, reserved 1048576K
GC Heap History (10 events):
Event: 84.835 GC heap before
{Heap before GC invocations=21 (full 4):
 PSYoungGen      total 266240K, used 246987K [0x00000000eab00000, 0x0000000100000000, 0x0000000100000000)
  eden space 193536K, 100% used [0x00000000eab00000,0x00000000f6800000,0x00000000f6800000)
  from space 72704K, 73% used [0x00000000fb900000,0x00000000fed32da0,0x0000000100000000)
  to   space 77824K, 0% used [0x00000000f6800000,0x00000000f6800000,0x00000000fb400000)
 ParOldGen       total 699392K, used 91360K [0x00000000c0000000, 0x00000000eab00000, 0x00000000eab00000)
  object space 699392K, 13% used [0x00000000c0000000,0x00000000c59381b8,0x00000000eab00000)
 Metaspace       used 111750K, capacity 121162K, committed 130176K, reserved 1161216K
  class space    used 14200K, capacity 17065K, committed 19328K, reserved 1048576K
Event: 84.920 GC heap after
Heap after GC invocations=21 (full 4):
 PSYoungGen      total 271360K, used 41830K [0x00000000eab00000, 0x0000000100000000, 0x0000000100000000)
  eden space 193536K, 0% used [0x00000000eab00000,0x00000000eab00000,0x00000000f6800000)
  from space 77824K, 53% used [0x00000000f6800000,0x00000000f90d9a00,0x00000000fb400000)
  to   space 77312K, 0% used [0x00000000fb480000,0x00000000fb480000,0x0000000100000000)
 ParOldGen       total 699392K, used 115602K [0x00000000c0000000, 0x00000000eab00000, 0x00000000eab00000)
  object space 699392K, 16% used [0x00000000c0000000,0x00000000c70e4a18,0x00000000eab00000)
 Metaspace       used 111750K, capacity 121162K, committed 130176K, reserved 1161216K
  class space    used 14200K, capacity 17065K, committed 19328K, reserved 1048576K
}
Event: 92.926 GC heap before
{Heap before GC invocations=22 (full 4):
 PSYoungGen      total 271360K, used 235366K [0x00000000eab00000, 0x0000000100000000, 0x0000000100000000)
  eden space 193536K, 100% used [0x00000000eab00000,0x00000000f6800000,0x00000000f6800000)
  from space 77824K, 53% used [0x00000000f6800000,0x00000000f90d9a00,0x00000000fb400000)
  to   space 77312K, 0% used [0x00000000fb480000,0x00000000fb480000,0x0000000100000000)
 ParOldGen       total 699392K, used 115602K [0x00000000c0000000, 0x00000000eab00000, 0x00000000eab00000)
  object space 699392K, 16% used [0x00000000c0000000,0x00000000c70e4a18,0x00000000eab00000)
 Metaspace       used 116360K, capacity 126012K, committed 135040K, reserved 1165312K
  class space    used 14743K, capacity 17596K, committed 19840K, reserved 1048576K
Event: 93.014 GC heap after
Heap after GC invocations=22 (full 4):
 PSYoungGen      total 272896K, used 42037K [0x00000000eab00000, 0x0000000100000000, 0x0000000100000000)
  eden space 195584K, 0% used [0x00000000eab00000,0x00000000eab00000,0x00000000f6a00000)
  from space 77312K, 54% used [0x00000000fb480000,0x00000000fdd8d470,0x0000000100000000)
  to   space 76288K, 0% used [0x00000000f6a00000,0x00000000f6a00000,0x00000000fb480000)
 ParOldGen       total 699392K, used 115610K [0x00000000c0000000, 0x00000000eab00000, 0x00000000eab00000)
  object space 699392K, 16% used [0x00000000c0000000,0x00000000c70e6a18,0x00000000eab00000)
 Metaspace       used 116360K, capacity 126012K, committed 135040K, reserved 1165312K
  class space    used 14743K, capacity 17596K, committed 19840K, reserved 1048576K
}
Event: 93.449 GC heap before
{Heap before GC invocations=23 (full 4):
 PSYoungGen      total 272896K, used 237621K [0x00000000eab00000, 0x0000000100000000, 0x0000000100000000)
  eden space 195584K, 100% used [0x00000000eab00000,0x00000000f6a00000,0x00000000f6a00000)
  from space 77312K, 54% used [0x00000000fb480000,0x00000000fdd8d470,0x0000000100000000)
  to   space 76288K, 0% used [0x00000000f6a00000,0x00000000f6a00000,0x00000000fb480000)
 ParOldGen       total 699392K, used 115610K [0x00000000c0000000, 0x00000000eab00000, 0x00000000eab00000)
  object space 699392K, 16% used [0x00000000c0000000,0x00000000c70e6a18,0x00000000eab00000)
 Metaspace       used 116375K, capacity 126012K, committed 135040K, reserved 1165312K
  class space    used 14743K, capacity 17596K, committed 19840K, reserved 1048576K
Event: 93.488 GC heap after
Heap after GC invocations=23 (full 4):
 PSYoungGen      total 271872K, used 37823K [0x00000000eab00000, 0x0000000100000000, 0x0000000100000000)
  eden space 195584K, 0% used [0x00000000eab00000,0x00000000eab00000,0x00000000f6a00000)
  from space 76288K, 49% used [0x00000000f6a00000,0x00000000f8eeffd0,0x00000000fb480000)
  to   space 73728K, 0% used [0x00000000fb800000,0x00000000fb800000,0x0000000100000000)
 ParOldGen       total 699392K, used 115618K [0x00000000c0000000, 0x00000000eab00000, 0x00000000eab00000)
  object space 699392K, 16% used [0x00000000c0000000,0x00000000c70e8a18,0x00000000eab00000)
 Metaspace       used 116375K, capacity 126012K, committed 135040K, reserved 1165312K
  class space    used 14743K, capacity 17596K, committed 19840K, reserved 1048576K
}
Event: 95.885 GC heap before
{Heap before GC invocations=24 (full 4):
 PSYoungGen      total 271872K, used 233407K [0x00000000eab00000, 0x0000000100000000, 0x0000000100000000)
  eden space 195584K, 100% used [0x00000000eab00000,0x00000000f6a00000,0x00000000f6a00000)
  from space 76288K, 49% used [0x00000000f6a00000,0x00000000f8eeffd0,0x00000000fb480000)
  to   space 73728K, 0% used [0x00000000fb800000,0x00000000fb800000,0x0000000100000000)
 ParOldGen       total 699392K, used 115618K [0x00000000c0000000, 0x00000000eab00000, 0x00000000eab00000)
  object space 699392K, 16% used [0x00000000c0000000,0x00000000c70e8a18,0x00000000eab00000)
 Metaspace       used 123495K, capacity 133148K, committed 142208K, reserved 1171456K
  class space    used 15435K, capacity 18316K, committed 20608K, reserved 1048576K
Event: 95.978 GC heap after
Heap after GC invocations=24 (full 4):
 PSYoungGen      total 278528K, used 28426K [0x00000000eab00000, 0x0000000100000000, 0x0000000100000000)
  eden space 204800K, 0% used [0x00000000eab00000,0x00000000eab00000,0x00000000f7300000)
  from space 73728K, 38% used [0x00000000fb800000,0x00000000fd3c2a18,0x0000000100000000)
  to   space 70656K, 0% used [0x00000000f7300000,0x00000000f7300000,0x00000000fb800000)
 ParOldGen       total 699392K, used 139404K [0x00000000c0000000, 0x00000000eab00000, 0x00000000eab00000)
  object space 699392K, 19% used [0x00000000c0000000,0x00000000c8823190,0x00000000eab00000)
 Metaspace       used 123495K, capacity 133148K, committed 142208K, reserved 1171456K
  class space    used 15435K, capacity 18316K, committed 20608K, reserved 1048576K
}
Event: 426.082 GC heap before
{Heap before GC invocations=25 (full 4):
 PSYoungGen      total 278528K, used 233226K [0x00000000eab00000, 0x0000000100000000, 0x0000000100000000)
  eden space 204800K, 100% used [0x00000000eab00000,0x00000000f7300000,0x00000000f7300000)
  from space 73728K, 38% used [0x00000000fb800000,0x00000000fd3c2a18,0x0000000100000000)
  to   space 70656K, 0% used [0x00000000f7300000,0x00000000f7300000,0x00000000fb800000)
 ParOldGen       total 699392K, used 139404K [0x00000000c0000000, 0x00000000eab00000, 0x00000000eab00000)
  object space 699392K, 19% used [0x00000000c0000000,0x00000000c8823190,0x00000000eab00000)
 Metaspace       used 124441K, capacity 134228K, committed 143360K, reserved 1171456K
  class space    used 15557K, capacity 18480K, committed 20736K, reserved 1048576K
Event: 426.106 GC heap after
Heap after GC invocations=25 (full 4):
 PSYoungGen      total 275456K, used 18755K [0x00000000eab00000, 0x0000000100000000, 0x0000000100000000)
  eden space 204800K, 0% used [0x00000000eab00000,0x00000000eab00000,0x00000000f7300000)
  from space 70656K, 26% used [0x00000000f7300000,0x00000000f8550c08,0x00000000fb800000)
  to   space 69120K, 0% used [0x00000000fbc80000,0x00000000fbc80000,0x0000000100000000)
 ParOldGen       total 699392K, used 148836K [0x00000000c0000000, 0x00000000eab00000, 0x00000000eab00000)
  object space 699392K, 21% used [0x00000000c0000000,0x00000000c91591e0,0x00000000eab00000)
 Metaspace       used 124441K, capacity 134228K, committed 143360K, reserved 1171456K
  class space    used 15557K, capacity 18480K, committed 20736K, reserved 1048576K
}

